18:18:12.638 [main] INFO  o.s.t.c.s.AnnotationConfigContextLoaderUtils - Could not detect default configuration classes for test class [otus.moryakovdv.task9.HasherTest]: HasherTest does not declare any static, non-private, non-final, nested classes annotated with @Configuration.
18:18:12.831 [main] INFO  o.s.b.t.c.SpringBootTestContextBootstrapper - Found @SpringBootConfiguration otus.moryakovdv.task9.WebApplication for test class otus.moryakovdv.task9.HasherTest
18:18:13.378 [main] INFO  otus.moryakovdv.task9.HasherTest - Starting HasherTest using Java 17.0.12 with PID 3038826 (started by moryakov in /home/moryakov/git/repository/otus-master/moryakovdv/task9/api9)
18:18:13.380 [main] INFO  otus.moryakovdv.task9.HasherTest - No active profile set, falling back to 1 default profile: "default"
18:18:13.982 [main] INFO  o.s.d.r.c.RepositoryConfigurationDelegate - Bootstrapping Spring Data JPA repositories in DEFAULT mode.
18:18:14.114 [main] INFO  o.s.d.r.c.RepositoryConfigurationDelegate - Finished Spring Data repository scanning in 116 ms. Found 1 JPA repository interface.
18:18:14.898 [main] INFO  com.zaxxer.hikari.HikariDataSource - HikariPool-1 - Starting...
18:18:15.173 [main] INFO  com.zaxxer.hikari.pool.HikariPool - HikariPool-1 - Added connection conn0: url=jdbc:h2:mem:testdb user=SA
18:18:15.175 [main] INFO  com.zaxxer.hikari.HikariDataSource - HikariPool-1 - Start completed.
18:18:15.263 [main] INFO  liquibase.database - Set default schema name to PUBLIC
18:18:15.890 [main] INFO  liquibase.changelog - Creating database history table with name: PUBLIC.DATABASECHANGELOG
18:18:44.050 [main] INFO  liquibase.changelog - Reading from PUBLIC.DATABASECHANGELOG
18:18:44.132 [main] INFO  liquibase.lockservice - Successfully acquired change log lock
18:18:44.133 [main] INFO  liquibase.command - Using deploymentId: 6413524133
18:18:44.135 [main] INFO  liquibase.changelog - Reading from PUBLIC.DATABASECHANGELOG
18:18:44.190 [main] INFO  liquibase.changelog - Table USERS created
18:18:44.191 [main] INFO  liquibase.changelog - ChangeSet db/changelog/db.changelog-create-structure.yaml::A::moryakovdv ran successfully in 29ms
18:18:44.206 [main] INFO  liquibase.changelog - New row inserted into USERS
18:18:44.208 [main] INFO  liquibase.changelog - New row inserted into USERS
18:18:44.209 [main] INFO  liquibase.changelog - ChangeSet db/changelog/db.changelog-insert-users.yaml::B::moryakovdv ran successfully in 5ms
18:18:44.215 [main] INFO  liquibase.util - UPDATE SUMMARY
18:18:44.216 [main] INFO  liquibase.util - Run:                          2
18:18:44.216 [main] INFO  liquibase.util - Previously run:               0
18:18:44.216 [main] INFO  liquibase.util - Filtered out:                 0
18:18:44.216 [main] INFO  liquibase.util - -------------------------------
18:18:44.216 [main] INFO  liquibase.util - Total change sets:            2
18:18:44.216 [main] INFO  liquibase.util - Update summary generated
18:18:44.218 [main] INFO  liquibase.command - Update command completed successfully.
18:18:44.221 [main] INFO  liquibase.lockservice - Successfully released change log lock
18:18:44.221 [main] INFO  liquibase.command - Command execution complete
18:18:44.402 [main] INFO  o.h.jpa.internal.util.LogHelper - HHH000204: Processing PersistenceUnitInfo [name: default]
18:18:44.477 [main] INFO  org.hibernate.Version - HHH000412: Hibernate ORM core version 6.4.4.Final
18:18:44.526 [main] INFO  o.h.c.i.RegionFactoryInitiator - HHH000026: Second-level cache disabled
18:18:44.800 [main] INFO  o.s.o.j.p.SpringPersistenceUnitInfo - No LoadTimeWeaver setup: ignoring JPA class transformer
18:18:45.774 [main] INFO  o.h.e.t.j.p.i.JtaPlatformInitiator - HHH000489: No JTA platform available (set 'hibernate.transaction.jta.platform' to enable JTA platform integration)
18:18:45.820 [main] INFO  o.s.o.j.LocalContainerEntityManagerFactoryBean - Initialized JPA EntityManagerFactory for persistence unit 'default'
18:18:46.397 [main] WARN  o.s.b.a.o.j.JpaBaseConfiguration$JpaWebConfiguration - spring.jpa.open-in-view is enabled by default. Therefore, database queries may be performed during view rendering. Explicitly configure spring.jpa.open-in-view to disable this warning
18:18:46.830 [main] INFO  otus.moryakovdv.task9.HasherTest - Started HasherTest in 33.811 seconds (process running for 35.742)
18:18:47.509 [SpringApplicationShutdownHook] INFO  o.s.o.j.LocalContainerEntityManagerFactoryBean - Closing JPA EntityManagerFactory for persistence unit 'default'
18:18:47.514 [SpringApplicationShutdownHook] INFO  com.zaxxer.hikari.HikariDataSource - HikariPool-1 - Shutdown initiated...
18:18:47.518 [SpringApplicationShutdownHook] INFO  com.zaxxer.hikari.HikariDataSource - HikariPool-1 - Shutdown completed.
